2025-06-20 19:20:18,110 - DataPreprocessor - INFO - DataPreprocessor initialized
2025-06-20 19:20:34,245 - DataPreprocessor - INFO - Starting Silver pipeline
2025-06-20 19:20:34,252 - DataPreprocessor - INFO - Reading Bronze: hdfs://localhost:9000/user/saad/bronze/2025/01/03
2025-06-20 19:20:42,511 - DataPreprocessor - INFO - Bronze loaded: 7728394 rows
2025-06-20 19:20:42,511 - DataPreprocessor - INFO - Starting cleaning
2025-06-20 19:20:43,047 - DataPreprocessor - INFO - Filtering critical nulls
2025-06-20 19:20:49,583 - DataPreprocessor - INFO - After filtering critical nulls: 7728394 rows (removed: 0)
2025-06-20 19:20:49,584 - DataPreprocessor - INFO - Cleaning column names first...
2025-06-20 19:20:50,891 - DataPreprocessor - INFO - Replacing missing values with intelligent defaults
2025-06-20 19:20:51,056 - DataPreprocessor - INFO - Removing duplicates
2025-06-20 19:21:11,937 - DataPreprocessor - INFO - Duplicates removed: 0
2025-06-20 19:21:11,938 - DataPreprocessor - INFO - Normalizing text data
2025-06-20 19:21:12,504 - DataPreprocessor - INFO - Validating Severity values
2025-06-20 19:21:12,681 - DataPreprocessor - INFO - Validating geographic coordinates
2025-06-20 19:21:27,076 - DataPreprocessor - INFO - Cleaning completed:
2025-06-20 19:21:27,076 - DataPreprocessor - INFO -   - Initial: 7,728,394 rows
2025-06-20 19:21:27,076 - DataPreprocessor - INFO -   - Final: 7,728,394 rows
2025-06-20 19:21:27,076 - DataPreprocessor - INFO -   - Removed: 0 rows (0.00%)
2025-06-20 19:21:27,077 - DataPreprocessor - INFO - Saving to Hive: accidents_silver
2025-06-20 19:21:27,077 - DataPreprocessor - INFO - Casting data types for optimization
2025-06-20 19:21:28,592 - DataPreprocessor - INFO - Data types casting completed
2025-06-20 19:26:33,736 - DataPreprocessor - INFO - Hive table accidents_silver created successfully with 7,728,394 rows
2025-06-20 19:26:47,113 - DataPreprocessor - INFO - Hive tables:
accidents_silver

2025-06-20 19:26:47,113 - DataPreprocessor - INFO - Silver pipeline completed: 7,728,394 rows
2025-06-20 19:26:47,890 - DataPreprocessor - INFO - Closed
