2025-06-20 19:20:18,109 - HiveManager - INFO - HiveManager initialized - SIMPLE
2025-06-20 19:20:18,110 - HiveManager - INFO - Creating DB: accident_analysis_db
2025-06-20 19:20:18,110 - HiveManager - INFO - Executing Hive: CREATE DATABASE IF NOT EXISTS accident_analysis_db;
2025-06-20 19:20:34,239 - HiveManager - INFO - Hive command OK
2025-06-20 19:25:54,402 - HiveManager - INFO - Creating table accidents_silver
2025-06-20 19:25:54,410 - HiveManager - INFO - Executing Hive: USE accident_analysis_db; DROP TABLE IF EXISTS accidents_silver;
2025-06-20 19:26:11,645 - HiveManager - INFO - Hive command OK
2025-06-20 19:26:11,647 - HiveManager - INFO - Executing Hive: 
            USE accident_analysis_db;
            CREATE EXTERNAL TABLE accidents_silver (
                id string,
                source string,
                severity int,
                start_time timestamp,
                end_time timestamp,
                start_lat double,
                start_lng double,
                end_lat double,
                end_lng double,
                distance_mi double,
                description string,
                street string,
                city string,
                county string,
                state string,
                zipcode string,
                country string,
                timezone string,
                airport_code string,
                weather_timestamp timestamp,
                temperature_f double,
                wind_chill_f double,
                humidity double,
                pressure_in double,
                visibility_mi double,
                wind_direction string,
                wind_speed_mph double,
                precipitation_in double,
                weather_condition string,
                amenity boolean,
                bump boolean,
                crossing boolean,
                give_way boolean,
                junction boolean,
                no_exit boolean,
                railway boolean,
                roundabout boolean,
                station boolean,
                stop boolean,
                traffic_calming boolean,
                traffic_signal boolean,
                turning_loop boolean,
                sunrise_sunset string,
                civil_twilight string,
                nautical_twilight string,
                astronomical_twilight string,
                situation_date string
            )
            STORED AS PARQUET
            LOCATION 'hdfs://localhost:9000/user/saad/silver/simple';
        
2025-06-20 19:26:21,183 - HiveManager - INFO - Hive command OK
2025-06-20 19:26:21,184 - HiveManager - INFO - Table accidents_silver created
2025-06-20 19:26:33,737 - HiveManager - INFO - Executing Hive: USE accident_analysis_db; SHOW TABLES;
2025-06-20 19:26:47,112 - HiveManager - INFO - Hive command OK
